--- START EMAIL pam@dm.com ---
From: Dundie <no-reply@dm.com>
To: pam@dm.com
Subject: Password reset for Dundie

Please use the following link to reset your password:
https://dm.com/reset_password?pwd_reset_token=eyJhbGciOiJIUzI1NiIsInR5cCI6IkpXVCJ9.eyJzdWIiOiJwYW0tYmVzbHkiLCJleHAiOjE2ODI3MDYzMDQsInNjb3BlIjoicHdkX3Jlc2V0In0.j_tkNKdxAy-U94FJG1ZkL0aQ_Spafp5VjpzWiMR1qeE

This link will expire in 10 minutes.

--- END OF EMAIL ---
--- START EMAIL pam@dm.com ---
From: Dundie <no-reply@dm.com>
To: pam@dm.com
Subject: Password reset for Dundie

Please use the following link to reset your password:
https://dm.com/reset_password?pwd_reset_token=eyJhbGciOiJIUzI1NiIsInR5cCI6IkpXVCJ9.eyJzdWIiOiJwYW0tYmVzbHkiLCJleHAiOjE2ODI3MDYzMTYsInNjb3BlIjoicHdkX3Jlc2V0In0.aTwbveLQ6DrDv0zgz0PoLuYe6phNCnkMNQWTbrRl6KM

This link will expire in 10 minutes.

--- END OF EMAIL ---
--- START EMAIL pam@dm.com ---
From: Dundie <no-reply@dm.com>
To: pam@dm.com
Subject: Password reset for Dundie

Please use the following link to reset your password:
https://dm.com/reset_password?pwd_reset_token=eyJhbGciOiJIUzI1NiIsInR5cCI6IkpXVCJ9.eyJzdWIiOiJwYW0tYmVzbHkiLCJleHAiOjE2ODI3MDYzNTgsInNjb3BlIjoicHdkX3Jlc2V0In0.9Ils_iRvLXPIiPn9I3okvYikm8fJLLs0aahMxHgfSDw

This link will expire in 10 minutes.

--- END OF EMAIL ---
--- START EMAIL pam@dm.com ---
From: Dundie <no-reply@dm.com>
To: pam@dm.com
Subject: Password reset for Dundie

Please use the following link to reset your password:
https://dm.com/reset_password?pwd_reset_token=eyJhbGciOiJIUzI1NiIsInR5cCI6IkpXVCJ9.eyJzdWIiOiJwYW0tYmVzbHkiLCJleHAiOjE2ODI3MDY0MTYsInNjb3BlIjoicHdkX3Jlc2V0In0.CUVgCmbjuhmx7x3pPNWiHRGondAZvckgUOuIDzS0HPI

This link will expire in 10 minutes.

--- END OF EMAIL ---
--- START EMAIL pam@dm.com ---
From: Dundie <no-reply@dm.com>
To: pam@dm.com
Subject: Password reset for Dundie

Please use the following link to reset your password:
https://dm.com/reset_password?pwd_reset_token=eyJhbGciOiJIUzI1NiIsInR5cCI6IkpXVCJ9.eyJzdWIiOiJwYW0tYmVzbHkiLCJleHAiOjE2ODI3MDY0NDIsInNjb3BlIjoicHdkX3Jlc2V0In0.QZ8SIYcSwKfrxY24i1ieQbFp6rMfC_sqpkaVFcBnc5I

This link will expire in 10 minutes.

--- END OF EMAIL ---
--- START EMAIL pam@dm.com ---
From: Dundie <no-reply@dm.com>
To: pam@dm.com
Subject: Password reset for Dundie

Please use the following link to reset your password:
https://dm.com/reset_password?pwd_reset_token=eyJhbGciOiJIUzI1NiIsInR5cCI6IkpXVCJ9.eyJzdWIiOiJwYW0tYmVzbHkiLCJleHAiOjE2ODI3MDY0NjQsInNjb3BlIjoicHdkX3Jlc2V0In0.EBgXLW2XI5s5ItEHLkeuv3bOqoR1ZATMF9Rl37i0BbE

This link will expire in 10 minutes.

--- END OF EMAIL ---
--- START EMAIL pam@dm.com ---
From: Dundie <no-reply@dm.com>
To: pam@dm.com
Subject: Password reset for Dundie

Please use the following link to reset your password:
https://dm.com/reset_password?pwd_reset_token=eyJhbGciOiJIUzI1NiIsInR5cCI6IkpXVCJ9.eyJzdWIiOiJwYW0tYmVzbHkiLCJleHAiOjE2ODI3MDY0ODYsInNjb3BlIjoicHdkX3Jlc2V0In0.cs3R48M0pVg7kzB4NMwNGxCBZ9cVVijzQ6uB0bF08qs

This link will expire in 10 minutes.

--- END OF EMAIL ---
